[21:12:21] [ServerMain/INFO]: Environment: Environment[sessionHost=https://sessionserver.mojang.com, servicesHost=https://api.minecraftservices.com, name=PROD]
[21:12:22] [ServerMain/INFO]: No existing world data, creating new world
[21:12:23] [ServerMain/INFO]: Loaded 1337 recipes
[21:12:23] [ServerMain/INFO]: Loaded 1448 advancements
[21:12:23] [Server thread/INFO]: Starting minecraft server version 1.21.2
[21:12:23] [Server thread/INFO]: Loading properties
[21:12:23] [Server thread/INFO]: Default game type: SURVIVAL
[21:12:23] [Server thread/INFO]: Generating keypair
[21:12:23] [Server thread/INFO]: Starting Minecraft server on *:25565
[21:12:23] [Server thread/INFO]: Using epoll channel type
[21:12:23] [Server thread/WARN]: **** SERVER IS RUNNING IN OFFLINE/INSECURE MODE!
[21:12:23] [Server thread/WARN]: The server will make no attempt to authenticate usernames. Beware.
[21:12:23] [Server thread/WARN]: While this makes the game possible to play without internet access, it also opens up the ability for hackers to connect with any username they choose.
[21:12:23] [Server thread/WARN]: To change this, set "online-mode" to "true" in the server.properties file.
[21:12:23] [Server thread/INFO]: Preparing level "world"
[21:12:29] [Server thread/INFO]: Preparing start region for dimension minecraft:overworld
[21:12:29] [Worker-Main-1/INFO]: Preparing spawn area: 2%
[21:12:30] [Worker-Main-3/INFO]: Preparing spawn area: 2%
[21:12:30] [Worker-Main-2/INFO]: Preparing spawn area: 2%
[21:12:31] [Worker-Main-2/INFO]: Preparing spawn area: 2%
[21:12:31] [Worker-Main-1/INFO]: Preparing spawn area: 16%
[21:12:32] [Worker-Main-1/INFO]: Preparing spawn area: 18%
[21:12:32] [Worker-Main-2/INFO]: Preparing spawn area: 18%
[21:12:33] [Worker-Main-3/INFO]: Preparing spawn area: 24%
[21:12:33] [Worker-Main-3/INFO]: Preparing spawn area: 51%
[21:12:34] [Worker-Main-2/INFO]: Preparing spawn area: 51%
[21:12:34] [Worker-Main-2/INFO]: Preparing spawn area: 51%
[21:12:35] [Server thread/INFO]: Time elapsed: 5459 ms
[21:12:35] [Server thread/INFO]: Done (11.259s)! For help, type "help"
[21:13:35] [Server thread/INFO]: Server empty for 60 seconds, pausing
[21:17:51] [Server thread/INFO]: Stopping the server
[21:17:51] [Server thread/INFO]: Stopping server
[21:17:51] [Server thread/INFO]: Saving players
[21:17:51] [Server thread/INFO]: Saving worlds
[21:17:52] [Server thread/INFO]: Saving chunks for level 'ServerLevel[world]'/minecraft:overworld
[21:17:53] [Server thread/INFO]: Saving chunks for level 'ServerLevel[world]'/minecraft:the_nether
[21:17:53] [Server thread/INFO]: Saving chunks for level 'ServerLevel[world]'/minecraft:the_end
[21:17:53] [Server thread/INFO]: ThreadedAnvilChunkStorage (world): All chunks are saved
[21:17:53] [Server thread/INFO]: ThreadedAnvilChunkStorage (DIM-1): All chunks are saved
[21:17:53] [Server thread/INFO]: ThreadedAnvilChunkStorage (DIM1): All chunks are saved
[21:17:53] [Server thread/INFO]: ThreadedAnvilChunkStorage: All dimensions are saved
